* 000000 [Engine] Log started at 2023/3/20 21:16:29
* 000000 [Engine] This copy of the engine is git hash 302908cbc1edc80bcb5e45f1b7c52801e0ce5576, built on Mar 10 2023, at 22:18:38
* 000000 [Engine] Platform: Mac OS X
* 000000 [Engine] 
* 000000 [Engine] *******************************************************************************************
* 000000 [Engine] *** This is the Standard license build!                                                 ***
* 000000 [Engine] *** Get more with an Indie or Pro license such as C extensions, mobile dev, and VR dev! ***
* 000000 [Engine] *** Details at http://dragonruby.org/toolkit/game#purchase                              ***
* 000000 [Engine] *******************************************************************************************
* 000000 [Engine] 
- 000000 [Engine] Game Dir: /Users/friendlyantz/code/personal/ruby/game_one//mygame
- 000000 [Engine] Game ID: 1978150
- 000000 [Engine] Game Title: game_one
- 000000 [Engine] Game Version: 0.1
- 000000 [Engine] Game Package ID: org.friendlyantz.1978150
- 000000 [Engine] Game Developer ID: friendlyantz
- 000000 [Engine] Game Developer Title: friendlyantz
- 000000 [Engine] Production Build: no
- 000000 [Engine] Remote Hotload: no
? 000000 [Engine] Loading cvars from file 'metadata/cvars.txt' ...
? 000000 [Engine] File 'metadata/cvars.txt' line 1 setting cvar 'log.filter_subsystems' to 'HTTPServer'
? 000000 [Engine] File 'metadata/cvars.txt' complete
- 000000 [Render] Using SDL renderer backend: metal
? 000000 [Engine] RNG seed has been set to 1679307390.
- 000000 [Engine] Janitor is using 4 threads.
? 000000 [Engine] Marked app/main.rb for reload. (-1)
* 000017 [Engine] Logging shutting down
